<?xml version="1.0" encoding="UTF-8"?>
<testsuite xmlns:xsi="http://www.w3.org/2001/XMLSchema-instance" xsi:noNamespaceSchemaLocation="https://maven.apache.org/surefire/maven-surefire-plugin/xsd/surefire-test-report-3.0.xsd" version="3.0" name="com.google.protobuf.kotlin.ExtendableMessageLiteExtensionsTest" time="0.058" tests="7" errors="0" skipped="0" failures="0">
  <properties>
    <property name="sun.desktop" value="gnome"/>
    <property name="awt.toolkit" value="sun.awt.X11.XToolkit"/>
    <property name="java.specification.version" value="11"/>
    <property name="sun.cpu.isalist" value=""/>
    <property name="sun.jnu.encoding" value="UTF-8"/>
    <property name="java.class.path" value="/usr/local/google/home/deannagarcia/protobuf/java/kotlin-lite/target/test-classes:/usr/local/google/home/deannagarcia/protobuf/java/kotlin-lite/target/classes:/usr/local/google/home/deannagarcia/.m2/repository/junit/junit/4.13.2/junit-4.13.2.jar:/usr/local/google/home/deannagarcia/.m2/repository/org/hamcrest/hamcrest-core/1.3/hamcrest-core-1.3.jar:/usr/local/google/home/deannagarcia/.m2/repository/org/easymock/easymock/2.2/easymock-2.2.jar:/usr/local/google/home/deannagarcia/.m2/repository/org/easymock/easymockclassextension/2.2.1/easymockclassextension-2.2.1.jar:/usr/local/google/home/deannagarcia/.m2/repository/cglib/cglib-nodep/2.1_3/cglib-nodep-2.1_3.jar:/usr/local/google/home/deannagarcia/.m2/repository/com/google/guava/guava/30.1-android/guava-30.1-android.jar:/usr/local/google/home/deannagarcia/.m2/repository/com/google/guava/failureaccess/1.0.1/failureaccess-1.0.1.jar:/usr/local/google/home/deannagarcia/.m2/repository/com/google/guava/listenablefuture/9999.0-empty-to-avoid-conflict-with-guava/listenablefuture-9999.0-empty-to-avoid-conflict-with-guava.jar:/usr/local/google/home/deannagarcia/.m2/repository/com/google/code/findbugs/jsr305/3.0.2/jsr305-3.0.2.jar:/usr/local/google/home/deannagarcia/.m2/repository/org/checkerframework/checker-compat-qual/2.5.5/checker-compat-qual-2.5.5.jar:/usr/local/google/home/deannagarcia/.m2/repository/com/google/errorprone/error_prone_annotations/2.3.4/error_prone_annotations-2.3.4.jar:/usr/local/google/home/deannagarcia/.m2/repository/com/google/j2objc/j2objc-annotations/1.3/j2objc-annotations-1.3.jar:/usr/local/google/home/deannagarcia/.m2/repository/com/google/guava/guava-testlib/30.1-android/guava-testlib-30.1-android.jar:/usr/local/google/home/deannagarcia/.m2/repository/com/google/truth/truth/1.1.2/truth-1.1.2.jar:/usr/local/google/home/deannagarcia/.m2/repository/org/checkerframework/checker-qual/3.9.1/checker-qual-3.9.1.jar:/usr/local/google/home/deannagarcia/.m2/repository/com/google/auto/value/auto-value-annotations/1.7.4/auto-value-annotations-1.7.4.jar:/usr/local/google/home/deannagarcia/.m2/repository/org/ow2/asm/asm/9.0/asm-9.0.jar:/usr/local/google/home/deannagarcia/.m2/repository/org/jetbrains/kotlin/kotlin-stdlib/1.4.31/kotlin-stdlib-1.4.31.jar:/usr/local/google/home/deannagarcia/.m2/repository/org/jetbrains/kotlin/kotlin-stdlib-common/1.4.31/kotlin-stdlib-common-1.4.31.jar:/usr/local/google/home/deannagarcia/.m2/repository/org/jetbrains/annotations/13.0/annotations-13.0.jar:/usr/local/google/home/deannagarcia/.m2/repository/org/jetbrains/kotlin/kotlin-test/1.4.31/kotlin-test-1.4.31.jar:/usr/local/google/home/deannagarcia/.m2/repository/org/jetbrains/kotlin/kotlin-test-common/1.4.31/kotlin-test-common-1.4.31.jar:"/>
    <property name="java.vm.vendor" value="Google Inc."/>
    <property name="sun.arch.data.model" value="64"/>
    <property name="java.vendor.url" value="https://goto.google.com/java-platform"/>
    <property name="user.timezone" value=""/>
    <property name="java.vm.specification.version" value="11"/>
    <property name="os.name" value="Linux"/>
    <property name="sun.java.launcher" value="SUN_STANDARD"/>
    <property name="user.country" value="US"/>
    <property name="sun.boot.library.path" value="/usr/local/buildtools/java/jdk11/lib"/>
    <property name="sun.java.command" value="/usr/local/google/home/deannagarcia/protobuf/java/kotlin-lite/target/surefire/surefirebooter15572213431693199165.jar /usr/local/google/home/deannagarcia/protobuf/java/kotlin-lite/target/surefire 2021-03-30T17-04-20_597-jvmRun1 surefire6258591630934235673tmp surefire_010158085988164019591tmp"/>
    <property name="jdk.debug" value="release"/>
    <property name="surefire.test.class.path" value="/usr/local/google/home/deannagarcia/protobuf/java/kotlin-lite/target/test-classes:/usr/local/google/home/deannagarcia/protobuf/java/kotlin-lite/target/classes:/usr/local/google/home/deannagarcia/.m2/repository/junit/junit/4.13.2/junit-4.13.2.jar:/usr/local/google/home/deannagarcia/.m2/repository/org/hamcrest/hamcrest-core/1.3/hamcrest-core-1.3.jar:/usr/local/google/home/deannagarcia/.m2/repository/org/easymock/easymock/2.2/easymock-2.2.jar:/usr/local/google/home/deannagarcia/.m2/repository/org/easymock/easymockclassextension/2.2.1/easymockclassextension-2.2.1.jar:/usr/local/google/home/deannagarcia/.m2/repository/cglib/cglib-nodep/2.1_3/cglib-nodep-2.1_3.jar:/usr/local/google/home/deannagarcia/.m2/repository/com/google/guava/guava/30.1-android/guava-30.1-android.jar:/usr/local/google/home/deannagarcia/.m2/repository/com/google/guava/failureaccess/1.0.1/failureaccess-1.0.1.jar:/usr/local/google/home/deannagarcia/.m2/repository/com/google/guava/listenablefuture/9999.0-empty-to-avoid-conflict-with-guava/listenablefuture-9999.0-empty-to-avoid-conflict-with-guava.jar:/usr/local/google/home/deannagarcia/.m2/repository/com/google/code/findbugs/jsr305/3.0.2/jsr305-3.0.2.jar:/usr/local/google/home/deannagarcia/.m2/repository/org/checkerframework/checker-compat-qual/2.5.5/checker-compat-qual-2.5.5.jar:/usr/local/google/home/deannagarcia/.m2/repository/com/google/errorprone/error_prone_annotations/2.3.4/error_prone_annotations-2.3.4.jar:/usr/local/google/home/deannagarcia/.m2/repository/com/google/j2objc/j2objc-annotations/1.3/j2objc-annotations-1.3.jar:/usr/local/google/home/deannagarcia/.m2/repository/com/google/guava/guava-testlib/30.1-android/guava-testlib-30.1-android.jar:/usr/local/google/home/deannagarcia/.m2/repository/com/google/truth/truth/1.1.2/truth-1.1.2.jar:/usr/local/google/home/deannagarcia/.m2/repository/org/checkerframework/checker-qual/3.9.1/checker-qual-3.9.1.jar:/usr/local/google/home/deannagarcia/.m2/repository/com/google/auto/value/auto-value-annotations/1.7.4/auto-value-annotations-1.7.4.jar:/usr/local/google/home/deannagarcia/.m2/repository/org/ow2/asm/asm/9.0/asm-9.0.jar:/usr/local/google/home/deannagarcia/.m2/repository/org/jetbrains/kotlin/kotlin-stdlib/1.4.31/kotlin-stdlib-1.4.31.jar:/usr/local/google/home/deannagarcia/.m2/repository/org/jetbrains/kotlin/kotlin-stdlib-common/1.4.31/kotlin-stdlib-common-1.4.31.jar:/usr/local/google/home/deannagarcia/.m2/repository/org/jetbrains/annotations/13.0/annotations-13.0.jar:/usr/local/google/home/deannagarcia/.m2/repository/org/jetbrains/kotlin/kotlin-test/1.4.31/kotlin-test-1.4.31.jar:/usr/local/google/home/deannagarcia/.m2/repository/org/jetbrains/kotlin/kotlin-test-common/1.4.31/kotlin-test-common-1.4.31.jar:"/>
    <property name="sun.cpu.endian" value="little"/>
    <property name="user.home" value="/usr/local/google/home/deannagarcia"/>
    <property name="user.language" value="en"/>
    <property name="java.specification.vendor" value="Oracle Corporation"/>
    <property name="java.version.date" value="2021-03-16"/>
    <property name="java.home" value="/usr/local/buildtools/java/jdk11"/>
    <property name="file.separator" value="/"/>
    <property name="basedir" value="/usr/local/google/home/deannagarcia/protobuf/java/kotlin-lite"/>
    <property name="java.vm.compressedOopsMode" value="Zero based"/>
    <property name="line.separator" value="&#10;"/>
    <property name="java.specification.name" value="Java Platform API Specification"/>
    <property name="java.vm.specification.vendor" value="Oracle Corporation"/>
    <property name="java.awt.graphicsenv" value="sun.awt.X11GraphicsEnvironment"/>
    <property name="surefire.real.class.path" value="/usr/local/google/home/deannagarcia/protobuf/java/kotlin-lite/target/surefire/surefirebooter15572213431693199165.jar"/>
    <property name="sun.management.compiler" value="HotSpot 64-Bit Tiered Compilers"/>
    <property name="java.runtime.version" value="11.0.10+9-google-release-363282249"/>
    <property name="user.name" value="deannagarcia"/>
    <property name="path.separator" value=":"/>
    <property name="os.version" value="5.7.17-1rodete5-amd64"/>
    <property name="java.runtime.name" value="OpenJDK Runtime Environment"/>
    <property name="file.encoding" value="UTF-8"/>
    <property name="java.vm.name" value="OpenJDK 64-Bit Server VM"/>
    <property name="localRepository" value="/usr/local/google/home/deannagarcia/.m2/repository"/>
    <property name="java.vendor.url.bug" value="http://b.corp.google.com/createIssue?component=32554"/>
    <property name="java.io.tmpdir" value="/tmp"/>
    <property name="java.version" value="11.0.10"/>
    <property name="user.dir" value="/usr/local/google/home/deannagarcia/protobuf/java/kotlin-lite"/>
    <property name="os.arch" value="amd64"/>
    <property name="java.vm.specification.name" value="Java Virtual Machine Specification"/>
    <property name="java.awt.printerjob" value="sun.print.PSPrinterJob"/>
    <property name="sun.os.patch.level" value="unknown"/>
    <property name="java.library.path" value="/usr/lib/mesa-diverted/x86_64-linux-gnu:/usr/lib/x86_64-linux-gnu/mesa:/usr/lib/x86_64-linux-gnu/dri:/usr/lib/x86_64-linux-gnu/gallium-pipe:/usr/java/packages/lib:/usr/lib64:/lib64:/lib:/usr/lib"/>
    <property name="java.vm.info" value="mixed mode, sharing"/>
    <property name="java.vendor" value="Google Inc."/>
    <property name="java.vm.version" value="11.0.10+9-google-release-363282249"/>
    <property name="sun.io.unicode.encoding" value="UnicodeLittle"/>
    <property name="java.class.version" value="55.0"/>
  </properties>
  <testcase name="getOnMessage" classname="com.google.protobuf.kotlin.ExtendableMessageLiteExtensionsTest" time="0.05"/>
  <testcase name="setOnBuilder" classname="com.google.protobuf.kotlin.ExtendableMessageLiteExtensionsTest" time="0.001"/>
  <testcase name="containsPositiveOnBuilder" classname="com.google.protobuf.kotlin.ExtendableMessageLiteExtensionsTest" time="0"/>
  <testcase name="containsPositiveOnMessage" classname="com.google.protobuf.kotlin.ExtendableMessageLiteExtensionsTest" time="0"/>
  <testcase name="containsNegativeOnBuilder" classname="com.google.protobuf.kotlin.ExtendableMessageLiteExtensionsTest" time="0"/>
  <testcase name="containsNegativeOnMessage" classname="com.google.protobuf.kotlin.ExtendableMessageLiteExtensionsTest" time="0"/>
  <testcase name="getOnBuilder" classname="com.google.protobuf.kotlin.ExtendableMessageLiteExtensionsTest" time="0"/>
</testsuite>